<?xml version="1.0" encoding="UTF-8"?>
<!-- Generated by org.testng.reporters.JUnitReportReporter -->
<testsuite skipped="0" hostname="LAPTOP-35P4TRI0" name="ai.skillo.RegistrationTest" tests="3" failures="0" timestamp="2020-12-17T17:13:04 EST" time="38.138" errors="0">
  <testcase name="registerAccountPageCanBeOpen" time="11.044" classname="ai.skillo.RegistrationTest"/>
  <system-out/>
  <testcase name="registerTest" time="13.089" classname="ai.skillo.RegistrationTest"/>
  <system-out/>
  <testcase name="registerNotPossibleWithoutPrivacyPolicyConfirmation" time="14.005" classname="ai.skillo.RegistrationTest"/>
  <system-out/>
</testsuite> <!-- ai.skillo.RegistrationTest -->
