<?xml version="1.0" encoding="UTF-8"?>
<!-- Generated by org.testng.reporters.JUnitReportReporter -->
<testsuite skipped="0" hostname="LAPTOP-35P4TRI0" name="ai.skillo.tests.ProductTest" tests="1" failures="0" timestamp="2020-12-17T17:13:04 EST" time="15.323" errors="0">
  <testcase name="confirmUserCanOpenProductDetails" time="15.323" classname="ai.skillo.tests.ProductTest"/>
  <system-out/>
</testsuite> <!-- ai.skillo.tests.ProductTest -->
