<?xml version="1.0" encoding="UTF-8"?>
<!-- Generated by org.testng.reporters.JUnitReportReporter -->
<testsuite skipped="0" hostname="LAPTOP-35P4TRI0" name="ai.skillo.tests.LoginTests" tests="3" failures="0" timestamp="2020-12-17T17:13:04 EST" time="33.045" errors="0">
  <testcase name="confirmLoginWithRegisteredAccount" time="10.677" classname="ai.skillo.tests.LoginTests"/>
  <system-out/>
  <testcase name="impossibleLoginWithNotRegisteredAccount1" time="10.925" classname="ai.skillo.tests.LoginTests"/>
  <system-out/>
  <testcase name="logoutIsWorking" time="11.443" classname="ai.skillo.tests.LoginTests"/>
  <system-out/>
</testsuite> <!-- ai.skillo.tests.LoginTests -->
